<?xml version="1.0" encoding="UTF-8"?>
<testsuite xmlns:xsi="http://www.w3.org/2001/XMLSchema-instance" xsi:noNamespaceSchemaLocation="https://maven.apache.org/surefire/maven-surefire-plugin/xsd/surefire-test-report-3.0.xsd" version="3.0" name="com.pinsoft.shopapp.ShopappApplicationTests" time="21.893" tests="1" errors="0" skipped="0" failures="0">
  <properties>
[...]
</properties>
  <testcase name="contextLoads" classname="com.pinsoft.shopapp.ShopappApplicationTests" time="1.289">
    <system-out><![CDATA[15:17:00.337 [main] INFO org.springframework.test.context.support.AnnotationConfigContextLoaderUtils -- Could not detect default configuration classes for test class [com.pinsoft.shopapp.ShopappApplicationTests]: ShopappApplicationTests does not declare any static, non-private, non-final, nested classes annotated with @Configuration.
15:17:00.667 [main] INFO org.springframework.boot.test.context.SpringBootTestContextBootstrapper -- Found @SpringBootConfiguration com.pinsoft.shopapp.ShopappApplication for test class com.pinsoft.shopapp.ShopappApplicationTests
15:17:01.490 [main] INFO org.springframework.boot.devtools.restart.RestartApplicationListener -- Restart disabled due to context in which it is running

  .   ____          _            __ _ _
 /\\ / ___'_ __ _ _(_)_ __  __ _ \ \ \ \
( ( )\___ | '_ | '_| | '_ \/ _` | \ \ \ \
 \\/  ___)| |_)| | | | | || (_| |  ) ) ) )
  '  |____| .__|_| |_|_| |_\__, | / / / /
 =========|_|==============|___/=/_/_/_/
 :: Spring Boot ::                (v3.2.3)

2024-03-25T15:17:02.324+03:00  INFO 20464 --- [           main] c.p.shopapp.ShopappApplicationTests      : Starting ShopappApplicationTests using Java 17.0.10 with PID 20464 (started by fthyi in C:\Users\fthyi\OneDrive\Masaüstü\enson\springdeneme2\jwtdeneme\shop-app)
2024-03-25T15:17:02.327+03:00  INFO 20464 --- [           main] c.p.shopapp.ShopappApplicationTests      : No active profile set, falling back to 1 default profile: "default"
2024-03-25T15:17:06.071+03:00  INFO 20464 --- [           main] .s.d.r.c.RepositoryConfigurationDelegate : Bootstrapping Spring Data JPA repositories in DEFAULT mode.
2024-03-25T15:17:06.201+03:00  INFO 20464 --- [           main] .s.d.r.c.RepositoryConfigurationDelegate : Finished Spring Data repository scanning in 108 ms. Found 4 JPA repository interfaces.
2024-03-25T15:17:07.921+03:00  INFO 20464 --- [           main] com.zaxxer.hikari.HikariDataSource       : HikariPool-1 - Starting...
2024-03-25T15:17:08.578+03:00  INFO 20464 --- [           main] com.zaxxer.hikari.pool.HikariPool        : HikariPool-1 - Added connection org.postgresql.jdbc.PgConnection@44b9c7c4
2024-03-25T15:17:08.582+03:00  INFO 20464 --- [           main] com.zaxxer.hikari.HikariDataSource       : HikariPool-1 - Start completed.
2024-03-25T15:17:09.050+03:00  INFO 20464 --- [           main] liquibase.database                       : Set default schema name to public
2024-03-25T15:17:10.536+03:00  INFO 20464 --- [           main] liquibase.changelog                      : Creating database history table with name: public.databasechangelog
2024-03-25T15:17:10.907+03:00  INFO 20464 --- [           main] liquibase.changelog                      : Reading from public.databasechangelog
2024-03-25T15:17:11.229+03:00  INFO 20464 --- [           main] liquibase.lockservice                    : Successfully acquired change log lock
2024-03-25T15:17:11.231+03:00  INFO 20464 --- [           main] liquibase.command                        : Using deploymentId: 1369031231
2024-03-25T15:17:11.233+03:00  INFO 20464 --- [           main] liquibase.changelog                      : Reading from public.databasechangelog
Running Changeset: db/changelog/create-schema.xml::1::bekir
2024-03-25T15:17:11.398+03:00  INFO 20464 --- [           main] liquibase.changelog                      : Table category created
2024-03-25T15:17:11.586+03:00  INFO 20464 --- [           main] liquibase.changelog                      : Table product created
2024-03-25T15:17:11.588+03:00  INFO 20464 --- [           main] liquibase.changelog                      : ChangeSet db/changelog/create-schema.xml::1::bekir ran successfully in 286ms
Running Changeset: db/changelog/create-schema.xml::20241904-4::fatih
2024-03-25T15:17:11.637+03:00  INFO 20464 --- [           main] liquibase.changelog                      : Foreign key constraint added to product (category_id)
2024-03-25T15:17:11.638+03:00  INFO 20464 --- [           main] liquibase.changelog                      : ChangeSet db/changelog/create-schema.xml::20241904-4::fatih ran successfully in 41ms
Running Changeset: db/changelog/create-schema-role.xml::1::fatih
2024-03-25T15:17:11.736+03:00  INFO 20464 --- [           main] liquibase.changelog                      : Table role created
2024-03-25T15:17:11.910+03:00  INFO 20464 --- [           main] liquibase.changelog                      : Table user created
2024-03-25T15:17:11.939+03:00  INFO 20464 --- [           main] liquibase.changelog                      : ChangeSet db/changelog/create-schema-role.xml::1::fatih ran successfully in 293ms
Running Changeset: db/changelog/create-schema-role.xml::20241904-2::fatih
2024-03-25T15:17:11.950+03:00  INFO 20464 --- [           main] liquibase.changelog                      : Foreign key constraint added to user (role_id)
2024-03-25T15:17:11.951+03:00  INFO 20464 --- [           main] liquibase.changelog                      : ChangeSet db/changelog/create-schema-role.xml::20241904-2::fatih ran successfully in 6ms
Running Changeset: db/changelog/insert-categories.xml::2::bekir
2024-03-25T15:17:11.961+03:00  INFO 20464 --- [           main] liquibase.changelog                      : New row inserted into category
2024-03-25T15:17:11.963+03:00  INFO 20464 --- [           main] liquibase.changelog                      : New row inserted into category
2024-03-25T15:17:11.964+03:00  INFO 20464 --- [           main] liquibase.changelog                      : New row inserted into category
2024-03-25T15:17:11.965+03:00  INFO 20464 --- [           main] liquibase.changelog                      : ChangeSet db/changelog/insert-categories.xml::2::bekir ran successfully in 6ms
Running Changeset: db/changelog/insert-products.xml::3::bekir
2024-03-25T15:17:11.997+03:00  INFO 20464 --- [           main] liquibase.changelog                      : New row inserted into product
2024-03-25T15:17:11.999+03:00  INFO 20464 --- [           main] liquibase.changelog                      : New row inserted into product
2024-03-25T15:17:12.003+03:00  INFO 20464 --- [           main] liquibase.changelog                      : New row inserted into product
2024-03-25T15:17:12.006+03:00  INFO 20464 --- [           main] liquibase.changelog                      : New row inserted into product
2024-03-25T15:17:12.007+03:00  INFO 20464 --- [           main] liquibase.changelog                      : ChangeSet db/changelog/insert-products.xml::3::bekir ran successfully in 34ms
Running Changeset: db/changelog/insert-role.xml::2::fatih
2024-03-25T15:17:12.015+03:00  INFO 20464 --- [           main] liquibase.changelog                      : New row inserted into role
2024-03-25T15:17:12.016+03:00  INFO 20464 --- [           main] liquibase.changelog                      : New row inserted into role
2024-03-25T15:17:12.017+03:00  INFO 20464 --- [           main] liquibase.changelog                      : ChangeSet db/changelog/insert-role.xml::2::fatih ran successfully in 5ms
Running Changeset: db/changelog/insert-user.xml::3::fatih
2024-03-25T15:17:12.025+03:00  INFO 20464 --- [           main] liquibase.changelog                      : New row inserted into user
2024-03-25T15:17:12.027+03:00  INFO 20464 --- [           main] liquibase.changelog                      : New row inserted into user
2024-03-25T15:17:12.028+03:00  INFO 20464 --- [           main] liquibase.changelog                      : ChangeSet db/changelog/insert-user.xml::3::fatih ran successfully in 5ms
Running Changeset: db/changelog/insert-user-v2.xml::4::bekir
2024-03-25T15:17:12.036+03:00  INFO 20464 --- [           main] liquibase.changelog                      : New row inserted into user
2024-03-25T15:17:12.037+03:00  INFO 20464 --- [           main] liquibase.changelog                      : New row inserted into user
2024-03-25T15:17:12.039+03:00  INFO 20464 --- [           main] liquibase.changelog                      : ChangeSet db/changelog/insert-user-v2.xml::4::bekir ran successfully in 4ms
Running Changeset: db/changelog/base64-column.xml::add-base64-1::fatih
2024-03-25T15:17:12.044+03:00  INFO 20464 --- [           main] liquibase.changelog                      : Columns base64image(varchar(255)) added to product
2024-03-25T15:17:12.045+03:00  INFO 20464 --- [           main] liquibase.changelog                      : ChangeSet db/changelog/base64-column.xml::add-base64-1::fatih ran successfully in 3ms
Running Changeset: db/changelog/base64-column.xml::20240319-1::fatih
2024-03-25T15:17:12.064+03:00  INFO 20464 --- [           main] liquibase.changelog                      : Sequence user_seq created
2024-03-25T15:17:12.079+03:00  INFO 20464 --- [           main] liquibase.changelog                      : ChangeSet db/changelog/base64-column.xml::20240319-1::fatih ran successfully in 30ms
2024-03-25T15:17:12.103+03:00  INFO 20464 --- [           main] liquibase.util                           : UPDATE SUMMARY
2024-03-25T15:17:12.103+03:00  INFO 20464 --- [           main] liquibase.util                           : Run:                         11
2024-03-25T15:17:12.103+03:00  INFO 20464 --- [           main] liquibase.util                           : Previously run:               0
2024-03-25T15:17:12.103+03:00  INFO 20464 --- [           main] liquibase.util                           : Filtered out:                 0
2024-03-25T15:17:12.103+03:00  INFO 20464 --- [           main] liquibase.util                           : -------------------------------
2024-03-25T15:17:12.103+03:00  INFO 20464 --- [           main] liquibase.util                           : Total change sets:           11
2024-03-25T15:17:12.104+03:00  INFO 20464 --- [           main] liquibase.util                           : Update summary generated
2024-03-25T15:17:12.108+03:00  INFO 20464 --- [           main] liquibase.command                        : Update command completed successfully.
Liquibase: Update has been successful. Rows affected: 24
2024-03-25T15:17:12.111+03:00  INFO 20464 --- [           main] liquibase.lockservice                    : Successfully released change log lock
2024-03-25T15:17:12.112+03:00  INFO 20464 --- [           main] liquibase.command                        : Command execution complete
2024-03-25T15:17:12.512+03:00  INFO 20464 --- [           main] o.hibernate.jpa.internal.util.LogHelper  : HHH000204: Processing PersistenceUnitInfo [name: default]
2024-03-25T15:17:12.681+03:00  INFO 20464 --- [           main] org.hibernate.Version                    : HHH000412: Hibernate ORM core version 6.4.4.Final
2024-03-25T15:17:12.774+03:00  INFO 20464 --- [           main] o.h.c.internal.RegionFactoryInitiator    : HHH000026: Second-level cache disabled
2024-03-25T15:17:13.530+03:00  INFO 20464 --- [           main] o.s.o.j.p.SpringPersistenceUnitInfo      : No LoadTimeWeaver setup: ignoring JPA class transformer
2024-03-25T15:17:13.712+03:00  WARN 20464 --- [           main] org.hibernate.orm.deprecation            : HHH90000025: PostgreSQLDialect does not need to be specified explicitly using 'hibernate.dialect' (remove the property setting and it will be selected by default)
2024-03-25T15:17:15.396+03:00  INFO 20464 --- [           main] o.h.e.t.j.p.i.JtaPlatformInitiator       : HHH000489: No JTA platform available (set 'hibernate.transaction.jta.platform' to enable JTA platform integration)
2024-03-25T15:17:15.399+03:00  INFO 20464 --- [           main] j.LocalContainerEntityManagerFactoryBean : Initialized JPA EntityManagerFactory for persistence unit 'default'
2024-03-25T15:17:17.197+03:00  WARN 20464 --- [           main] JpaBaseConfiguration$JpaWebConfiguration : spring.jpa.open-in-view is enabled by default. Therefore, database queries may be performed during view rendering. Explicitly configure spring.jpa.open-in-view to disable this warning
2024-03-25T15:17:18.471+03:00  INFO 20464 --- [           main] o.s.b.a.e.web.EndpointLinksResolver      : Exposing 1 endpoint(s) beneath base path '/actuator'
2024-03-25T15:17:18.645+03:00  INFO 20464 --- [           main] o.s.s.web.DefaultSecurityFilterChain     : Will secure any request with [org.springframework.security.web.session.DisableEncodeUrlFilter@4f6dfd28, org.springframework.security.web.context.request.async.WebAsyncManagerIntegrationFilter@c656a2e, org.springframework.security.web.context.SecurityContextHolderFilter@5be16caa, org.springframework.security.web.header.HeaderWriterFilter@e314809, org.springframework.web.filter.CorsFilter@6eecd951, org.springframework.security.web.authentication.logout.LogoutFilter@632e3100, com.pinsoft.shopapp.auth.JwtAuthenticationFilter@60386e94, org.springframework.security.web.savedrequest.RequestCacheAwareFilter@1d8f923f, org.springframework.security.web.servletapi.SecurityContextHolderAwareRequestFilter@43ab3f26, org.springframework.security.web.authentication.AnonymousAuthenticationFilter@1ad25670, org.springframework.security.web.access.ExceptionTranslationFilter@3770938d, org.springframework.security.web.access.intercept.AuthorizationFilter@5262253e]
2024-03-25T15:17:19.991+03:00  INFO 20464 --- [           main] c.p.shopapp.ShopappApplicationTests      : Started ShopappApplicationTests in 18.56 seconds (process running for 21.44)
]]></system-out>
  </testcase>
</testsuite>