<?xml version="1.0" encoding="UTF-8"?>
<testsuite xmlns:xsi="http://www.w3.org/2001/XMLSchema-instance" xsi:noNamespaceSchemaLocation="https://maven.apache.org/surefire/maven-surefire-plugin/xsd/surefire-test-report-3.0.xsd" version="3.0" name="com.pinsoft.shopapp.ShopappApplicationTests" time="18.982" tests="1" errors="0" skipped="0" failures="0">
  <properties>
[...]
</properties>
  <testcase name="contextLoads" classname="com.pinsoft.shopapp.ShopappApplicationTests" time="1.547">
    <system-out><![CDATA[23:37:13.028 [main] INFO org.springframework.test.context.support.AnnotationConfigContextLoaderUtils -- Could not detect default configuration classes for test class [com.pinsoft.shopapp.ShopappApplicationTests]: ShopappApplicationTests does not declare any static, non-private, non-final, nested classes annotated with @Configuration.
23:37:13.272 [main] INFO org.springframework.boot.test.context.SpringBootTestContextBootstrapper -- Found @SpringBootConfiguration com.pinsoft.shopapp.ShopappApplication for test class com.pinsoft.shopapp.ShopappApplicationTests
23:37:13.600 [main] INFO org.springframework.boot.devtools.restart.RestartApplicationListener -- Restart disabled due to context in which it is running

  .   ____          _            __ _ _
 /\\ / ___'_ __ _ _(_)_ __  __ _ \ \ \ \
( ( )\___ | '_ | '_| | '_ \/ _` | \ \ \ \
 \\/  ___)| |_)| | | | | || (_| |  ) ) ) )
  '  |____| .__|_| |_|_| |_\__, | / / / /
 =========|_|==============|___/=/_/_/_/
 :: Spring Boot ::                (v3.2.3)

2024-03-31T23:37:14.064+03:00  INFO 16108 --- [           main] c.p.shopapp.ShopappApplicationTests      : Starting ShopappApplicationTests using Java 17.0.10 with PID 16108 (started by fthyi in C:\Users\fthyi\OneDrive\Masaüstü\enson\v3\backend-v3\jwtdeneme\shop-app)
2024-03-31T23:37:14.066+03:00  INFO 16108 --- [           main] c.p.shopapp.ShopappApplicationTests      : No active profile set, falling back to 1 default profile: "default"
2024-03-31T23:37:16.013+03:00  INFO 16108 --- [           main] .s.d.r.c.RepositoryConfigurationDelegate : Bootstrapping Spring Data JPA repositories in DEFAULT mode.
2024-03-31T23:37:16.134+03:00  INFO 16108 --- [           main] .s.d.r.c.RepositoryConfigurationDelegate : Finished Spring Data repository scanning in 109 ms. Found 5 JPA repository interfaces.
2024-03-31T23:37:17.222+03:00  INFO 16108 --- [           main] com.zaxxer.hikari.HikariDataSource       : HikariPool-1 - Starting...
2024-03-31T23:37:17.764+03:00  INFO 16108 --- [           main] com.zaxxer.hikari.pool.HikariPool        : HikariPool-1 - Added connection org.postgresql.jdbc.PgConnection@5fd18419
2024-03-31T23:37:17.767+03:00  INFO 16108 --- [           main] com.zaxxer.hikari.HikariDataSource       : HikariPool-1 - Start completed.
2024-03-31T23:37:18.040+03:00  INFO 16108 --- [           main] liquibase.database                       : Set default schema name to public
2024-03-31T23:37:19.582+03:00  INFO 16108 --- [           main] liquibase.changelog                      : Creating database history table with name: public.databasechangelog
2024-03-31T23:37:19.863+03:00  INFO 16108 --- [           main] liquibase.changelog                      : Reading from public.databasechangelog
2024-03-31T23:37:20.332+03:00  INFO 16108 --- [           main] liquibase.lockservice                    : Successfully acquired change log lock
2024-03-31T23:37:20.333+03:00  INFO 16108 --- [           main] liquibase.command                        : Using deploymentId: 1917440333
2024-03-31T23:37:20.336+03:00  INFO 16108 --- [           main] liquibase.changelog                      : Reading from public.databasechangelog
Running Changeset: db/changelog/create-schema.xml::1::bekir
2024-03-31T23:37:20.727+03:00  INFO 16108 --- [           main] liquibase.changelog                      : Table category created
2024-03-31T23:37:21.013+03:00  INFO 16108 --- [           main] liquibase.changelog                      : Table product created
2024-03-31T23:37:21.029+03:00  INFO 16108 --- [           main] liquibase.changelog                      : ChangeSet db/changelog/create-schema.xml::1::bekir ran successfully in 620ms
Running Changeset: db/changelog/create-schema.xml::20241904-4::fatih
2024-03-31T23:37:21.065+03:00  INFO 16108 --- [           main] liquibase.changelog                      : Foreign key constraint added to product (category_id)
2024-03-31T23:37:21.067+03:00  INFO 16108 --- [           main] liquibase.changelog                      : ChangeSet db/changelog/create-schema.xml::20241904-4::fatih ran successfully in 27ms
Running Changeset: db/changelog/create-schema-role.xml::1::fatih
2024-03-31T23:37:21.197+03:00  INFO 16108 --- [           main] liquibase.changelog                      : Table role created
2024-03-31T23:37:21.348+03:00  INFO 16108 --- [           main] liquibase.changelog                      : Table user created
2024-03-31T23:37:21.368+03:00  INFO 16108 --- [           main] liquibase.changelog                      : ChangeSet db/changelog/create-schema-role.xml::1::fatih ran successfully in 289ms
Running Changeset: db/changelog/create-schema-role.xml::20241904-2::fatih
2024-03-31T23:37:21.378+03:00  INFO 16108 --- [           main] liquibase.changelog                      : Foreign key constraint added to user (role_id)
2024-03-31T23:37:21.379+03:00  INFO 16108 --- [           main] liquibase.changelog                      : ChangeSet db/changelog/create-schema-role.xml::20241904-2::fatih ran successfully in 5ms
Running Changeset: db/changelog/insert-categories.xml::2::bekir
2024-03-31T23:37:21.389+03:00  INFO 16108 --- [           main] liquibase.changelog                      : New row inserted into category
2024-03-31T23:37:21.390+03:00  INFO 16108 --- [           main] liquibase.changelog                      : New row inserted into category
2024-03-31T23:37:21.391+03:00  INFO 16108 --- [           main] liquibase.changelog                      : New row inserted into category
2024-03-31T23:37:21.392+03:00  INFO 16108 --- [           main] liquibase.changelog                      : ChangeSet db/changelog/insert-categories.xml::2::bekir ran successfully in 7ms
Running Changeset: db/changelog/insert-products.xml::3::bekir
2024-03-31T23:37:21.435+03:00  INFO 16108 --- [           main] liquibase.changelog                      : New row inserted into product
2024-03-31T23:37:21.474+03:00  INFO 16108 --- [           main] liquibase.changelog                      : New row inserted into product
2024-03-31T23:37:21.477+03:00  INFO 16108 --- [           main] liquibase.changelog                      : New row inserted into product
2024-03-31T23:37:21.480+03:00  INFO 16108 --- [           main] liquibase.changelog                      : New row inserted into product
2024-03-31T23:37:21.481+03:00  INFO 16108 --- [           main] liquibase.changelog                      : ChangeSet db/changelog/insert-products.xml::3::bekir ran successfully in 82ms
Running Changeset: db/changelog/insert-role.xml::2::fatih
2024-03-31T23:37:21.489+03:00  INFO 16108 --- [           main] liquibase.changelog                      : New row inserted into role
2024-03-31T23:37:21.490+03:00  INFO 16108 --- [           main] liquibase.changelog                      : New row inserted into role
2024-03-31T23:37:21.491+03:00  INFO 16108 --- [           main] liquibase.changelog                      : ChangeSet db/changelog/insert-role.xml::2::fatih ran successfully in 5ms
Running Changeset: db/changelog/insert-user.xml::3::fatih
2024-03-31T23:37:21.499+03:00  INFO 16108 --- [           main] liquibase.changelog                      : New row inserted into user
2024-03-31T23:37:21.501+03:00  INFO 16108 --- [           main] liquibase.changelog                      : New row inserted into user
2024-03-31T23:37:21.503+03:00  INFO 16108 --- [           main] liquibase.changelog                      : ChangeSet db/changelog/insert-user.xml::3::fatih ran successfully in 7ms
Running Changeset: db/changelog/insert-user-v2.xml::4::bekir
2024-03-31T23:37:21.511+03:00  INFO 16108 --- [           main] liquibase.changelog                      : New row inserted into user
2024-03-31T23:37:21.513+03:00  INFO 16108 --- [           main] liquibase.changelog                      : New row inserted into user
2024-03-31T23:37:21.515+03:00  INFO 16108 --- [           main] liquibase.changelog                      : ChangeSet db/changelog/insert-user-v2.xml::4::bekir ran successfully in 6ms
Running Changeset: db/changelog/base64-column.xml::add-base64-1::fatih
2024-03-31T23:37:21.522+03:00  INFO 16108 --- [           main] liquibase.changelog                      : Columns base64image(varchar(255)) added to product
2024-03-31T23:37:21.523+03:00  INFO 16108 --- [           main] liquibase.changelog                      : ChangeSet db/changelog/base64-column.xml::add-base64-1::fatih ran successfully in 3ms
Running Changeset: db/changelog/base64-column.xml::20240319-1::fatih
2024-03-31T23:37:21.554+03:00  INFO 16108 --- [           main] liquibase.changelog                      : Sequence user_seq created
2024-03-31T23:37:21.617+03:00  INFO 16108 --- [           main] liquibase.changelog                      : ChangeSet db/changelog/base64-column.xml::20240319-1::fatih ran successfully in 89ms
Running Changeset: db/changelog/order-table.xml::20240327-1::fatih
2024-03-31T23:37:21.856+03:00  INFO 16108 --- [           main] liquibase.changelog                      : Table order created
2024-03-31T23:37:21.860+03:00  INFO 16108 --- [           main] liquibase.changelog                      : Foreign key constraint added to order (user_id)
2024-03-31T23:37:21.877+03:00  INFO 16108 --- [           main] liquibase.changelog                      : ChangeSet db/changelog/order-table.xml::20240327-1::fatih ran successfully in 251ms
Running Changeset: db/changelog/insert-orders.xml::20240327-1512::fatih
2024-03-31T23:37:21.923+03:00  INFO 16108 --- [           main] liquibase.changelog                      : New row inserted into order
2024-03-31T23:37:21.925+03:00  INFO 16108 --- [           main] liquibase.changelog                      : New row inserted into order
2024-03-31T23:37:21.926+03:00  INFO 16108 --- [           main] liquibase.changelog                      : New row inserted into order
2024-03-31T23:37:21.927+03:00  INFO 16108 --- [           main] liquibase.changelog                      : ChangeSet db/changelog/insert-orders.xml::20240327-1512::fatih ran successfully in 45ms
2024-03-31T23:37:21.934+03:00  INFO 16108 --- [           main] liquibase.util                           : UPDATE SUMMARY
2024-03-31T23:37:21.934+03:00  INFO 16108 --- [           main] liquibase.util                           : Run:                         13
2024-03-31T23:37:21.934+03:00  INFO 16108 --- [           main] liquibase.util                           : Previously run:               0
2024-03-31T23:37:21.934+03:00  INFO 16108 --- [           main] liquibase.util                           : Filtered out:                 0
2024-03-31T23:37:21.934+03:00  INFO 16108 --- [           main] liquibase.util                           : -------------------------------
2024-03-31T23:37:21.934+03:00  INFO 16108 --- [           main] liquibase.util                           : Total change sets:           13
2024-03-31T23:37:21.934+03:00  INFO 16108 --- [           main] liquibase.util                           : Update summary generated
2024-03-31T23:37:21.936+03:00  INFO 16108 --- [           main] liquibase.command                        : Update command completed successfully.
Liquibase: Update has been successful. Rows affected: 29
2024-03-31T23:37:21.939+03:00  INFO 16108 --- [           main] liquibase.lockservice                    : Successfully released change log lock
2024-03-31T23:37:21.941+03:00  INFO 16108 --- [           main] liquibase.command                        : Command execution complete
2024-03-31T23:37:22.244+03:00  INFO 16108 --- [           main] o.hibernate.jpa.internal.util.LogHelper  : HHH000204: Processing PersistenceUnitInfo [name: default]
2024-03-31T23:37:22.350+03:00  INFO 16108 --- [           main] org.hibernate.Version                    : HHH000412: Hibernate ORM core version 6.4.4.Final
2024-03-31T23:37:22.433+03:00  INFO 16108 --- [           main] o.h.c.internal.RegionFactoryInitiator    : HHH000026: Second-level cache disabled
2024-03-31T23:37:22.903+03:00  INFO 16108 --- [           main] o.s.o.j.p.SpringPersistenceUnitInfo      : No LoadTimeWeaver setup: ignoring JPA class transformer
2024-03-31T23:37:23.038+03:00  WARN 16108 --- [           main] org.hibernate.orm.deprecation            : HHH90000025: PostgreSQLDialect does not need to be specified explicitly using 'hibernate.dialect' (remove the property setting and it will be selected by default)
2024-03-31T23:37:24.489+03:00  INFO 16108 --- [           main] o.h.e.t.j.p.i.JtaPlatformInitiator       : HHH000489: No JTA platform available (set 'hibernate.transaction.jta.platform' to enable JTA platform integration)
2024-03-31T23:37:24.493+03:00  INFO 16108 --- [           main] j.LocalContainerEntityManagerFactoryBean : Initialized JPA EntityManagerFactory for persistence unit 'default'
2024-03-31T23:37:25.773+03:00  INFO 16108 --- [           main] o.s.d.j.r.query.QueryEnhancerFactory     : Hibernate is in classpath; If applicable, HQL parser will be used.
2024-03-31T23:37:26.713+03:00  WARN 16108 --- [           main] JpaBaseConfiguration$JpaWebConfiguration : spring.jpa.open-in-view is enabled by default. Therefore, database queries may be performed during view rendering. Explicitly configure spring.jpa.open-in-view to disable this warning
2024-03-31T23:37:26.772+03:00  WARN 16108 --- [           main] .s.s.UserDetailsServiceAutoConfiguration : 

Using generated security password: 056d7c41-8a04-43f5-aa26-c610cdf54802

This generated password is for development use only. Your security configuration must be updated before running your application in production.

2024-03-31T23:37:27.824+03:00  INFO 16108 --- [           main] o.s.b.a.e.web.EndpointLinksResolver      : Exposing 1 endpoint(s) beneath base path '/actuator'
2024-03-31T23:37:27.957+03:00  INFO 16108 --- [           main] o.s.s.web.DefaultSecurityFilterChain     : Will secure any request with [org.springframework.security.web.session.DisableEncodeUrlFilter@41756187, org.springframework.security.web.context.request.async.WebAsyncManagerIntegrationFilter@fc41a1d, org.springframework.security.web.context.SecurityContextHolderFilter@5ad0a620, org.springframework.security.web.header.HeaderWriterFilter@66692051, org.springframework.web.filter.CorsFilter@65377a33, org.springframework.security.web.authentication.logout.LogoutFilter@3281dc5f, com.pinsoft.shopapp.auth.JwtAuthenticationFilter@6eb01d85, org.springframework.security.web.savedrequest.RequestCacheAwareFilter@457ac70d, org.springframework.security.web.servletapi.SecurityContextHolderAwareRequestFilter@586b59b4, org.springframework.security.web.authentication.AnonymousAuthenticationFilter@34420dd3, org.springframework.security.web.access.ExceptionTranslationFilter@18ba5efe, org.springframework.security.web.access.intercept.AuthorizationFilter@3c9e4c38]
2024-03-31T23:37:29.261+03:00  INFO 16108 --- [           main] c.p.shopapp.ShopappApplicationTests      : Started ShopappApplicationTests in 15.683 seconds (process running for 18.113)
]]></system-out>
  </testcase>
</testsuite>